# JRE version: Java(TM) SE Runtime Environment (8.0_73-b02) (build 1.8.0_73-b02)
# Java VM: Java HotSpot(TM) 64-Bit Server VM (25.73-b02 mixed mode bsd-amd64 compressed oops)
Heap:
 PSYoungGen      total 248320K, used 11179K [0x000000076ab00000, 0x000000077cb80000, 0x00000007c0000000)
  eden space 225792K, 4% used [0x000000076ab00000,0x000000076b5eac60,0x0000000778780000)
  from space 22528K, 0% used [0x0000000779e00000,0x0000000779e00000,0x000000077b400000)
  to   space 24064K, 0% used [0x000000077b400000,0x000000077b400000,0x000000077cb80000)
 ParOldGen       total 98816K, used 40206K [0x00000006c0000000, 0x00000006c6080000, 0x000000076ab00000)
  object space 98816K, 40% used [0x00000006c0000000,0x00000006c2743b28,0x00000006c6080000)
 Metaspace       used 32972K, capacity 33782K, committed 34176K, reserved 1079296K
  class space    used 3711K, capacity 3943K, committed 3968K, reserved 1048576K
GC Heap History (10 events):
Event: 7.810 GC heap before
{Heap before GC invocations=5 (full 0):
 PSYoungGen      total 141824K, used 21404K [0x000000076ab00000, 0x0000000774000000, 0x00000007c0000000)
  eden space 131072K, 8% used [0x000000076ab00000,0x000000076b569ff8,0x0000000772b00000)
  from space 10752K, 99% used [0x0000000773580000,0x0000000773ffd1b0,0x0000000774000000)
  to   space 10752K, 0% used [0x0000000772b00000,0x0000000772b00000,0x0000000773580000)
 ParOldGen       total 175104K, used 2870K [0x00000006c0000000, 0x00000006cab00000, 0x000000076ab00000)
  object space 175104K, 1% used [0x00000006c0000000,0x00000006c02cdaf0,0x00000006cab00000)
 Metaspace       used 20658K, capacity 21132K, committed 21296K, reserved 1069056K
  class space    used 2448K, capacity 2612K, committed 2688K, reserved 1048576K
Event: 7.821 GC heap after
Heap after GC invocations=5 (full 0):
 PSYoungGen      total 141824K, used 10736K [0x000000076ab00000, 0x000000077ca00000, 0x00000007c0000000)
  eden space 131072K, 0% used [0x000000076ab00000,0x000000076ab00000,0x0000000772b00000)
  from space 10752K, 99% used [0x0000000772b00000,0x000000077357c030,0x0000000773580000)
  to   space 15872K, 0% used [0x000000077ba80000,0x000000077ba80000,0x000000077ca00000)
 ParOldGen       total 175104K, used 4955K [0x00000006c0000000, 0x00000006cab00000, 0x000000076ab00000)
  object space 175104K, 2% used [0x00000006c0000000,0x00000006c04d6cf8,0x00000006cab00000)
 Metaspace       used 20658K, capacity 21132K, committed 21296K, reserved 1069056K
  class space    used 2448K, capacity 2612K, committed 2688K, reserved 1048576K
}
Event: 7.822 GC heap before
{Heap before GC invocations=6 (full 1):
 PSYoungGen      total 141824K, used 10736K [0x000000076ab00000, 0x000000077ca00000, 0x00000007c0000000)
  eden space 131072K, 0% used [0x000000076ab00000,0x000000076ab00000,0x0000000772b00000)
  from space 10752K, 99% used [0x0000000772b00000,0x000000077357c030,0x0000000773580000)
  to   space 15872K, 0% used [0x000000077ba80000,0x000000077ba80000,0x000000077ca00000)
 ParOldGen       total 175104K, used 4955K [0x00000006c0000000, 0x00000006cab00000, 0x000000076ab00000)
  object space 175104K, 2% used [0x00000006c0000000,0x00000006c04d6cf8,0x00000006cab00000)
 Metaspace       used 20658K, capacity 21132K, committed 21296K, reserved 1069056K
  class space    used 2448K, capacity 2612K, committed 2688K, reserved 1048576K
Event: 7.871 GC heap after
Heap after GC invocations=6 (full 1):
 PSYoungGen      total 141824K, used 0K [0x000000076ab00000, 0x000000077ca00000, 0x00000007c0000000)
  eden space 131072K, 0% used [0x000000076ab00000,0x000000076ab00000,0x0000000772b00000)
  from space 10752K, 0% used [0x0000000772b00000,0x0000000772b00000,0x0000000773580000)
  to   space 15872K, 0% used [0x000000077ba80000,0x000000077ba80000,0x000000077ca00000)
 ParOldGen       total 98816K, used 13170K [0x00000006c0000000, 0x00000006c6080000, 0x000000076ab00000)
  object space 98816K, 13% used [0x00000006c0000000,0x00000006c0cdc9b8,0x00000006c6080000)
 Metaspace       used 20658K, capacity 21132K, committed 21296K, reserved 1069056K
  class space    used 2448K, capacity 2612K, committed 2688K, reserved 1048576K
}
Event: 9.686 GC heap before
{Heap before GC invocations=7 (full 1):
 PSYoungGen      total 141824K, used 131072K [0x000000076ab00000, 0x000000077ca00000, 0x00000007c0000000)
  eden space 131072K, 100% used [0x000000076ab00000,0x0000000772b00000,0x0000000772b00000)
  from space 10752K, 0% used [0x0000000772b00000,0x0000000772b00000,0x0000000773580000)
  to   space 15872K, 0% used [0x000000077ba80000,0x000000077ba80000,0x000000077ca00000)
 ParOldGen       total 98816K, used 13170K [0x00000006c0000000, 0x00000006c6080000, 0x000000076ab00000)
  object space 98816K, 13% used [0x00000006c0000000,0x00000006c0cdc9b8,0x00000006c6080000)
 Metaspace       used 28162K, capacity 28770K, committed 28928K, reserved 1075200K
  class space    used 3304K, capacity 3474K, committed 3584K, reserved 1048576K
Event: 9.707 GC heap after
Heap after GC invocations=7 (full 1):
 PSYoungGen      total 241664K, used 15862K [0x000000076ab00000, 0x000000077ca00000, 0x00000007c0000000)
  eden space 225792K, 0% used [0x000000076ab00000,0x000000076ab00000,0x0000000778780000)
  from space 15872K, 99% used [0x000000077ba80000,0x000000077c9fd8d8,0x000000077ca00000)
  to   space 22528K, 0% used [0x0000000779e00000,0x0000000779e00000,0x000000077b400000)
 ParOldGen       total 98816K, used 21121K [0x00000006c0000000, 0x00000006c6080000, 0x000000076ab00000)
  object space 98816K, 21% used [0x00000006c0000000,0x00000006c14a0408,0x00000006c6080000)
 Metaspace       used 28162K, capacity 28770K, committed 28928K, reserved 1075200K
  class space    used 3304K, capacity 3474K, committed 3584K, reserved 1048576K
}
Event: 21.071 GC heap before
{Heap before GC invocations=8 (full 1):
 PSYoungGen      total 241664K, used 237895K [0x000000076ab00000, 0x000000077ca00000, 0x00000007c0000000)
  eden space 225792K, 98% used [0x000000076ab00000,0x00000007783d43c0,0x0000000778780000)
  from space 15872K, 99% used [0x000000077ba80000,0x000000077c9fd8d8,0x000000077ca00000)
  to   space 22528K, 0% used [0x0000000779e00000,0x0000000779e00000,0x000000077b400000)
 ParOldGen       total 98816K, used 21121K [0x00000006c0000000, 0x00000006c6080000, 0x000000076ab00000)
  object space 98816K, 21% used [0x00000006c0000000,0x00000006c14a0408,0x00000006c6080000)
 Metaspace       used 33012K, capacity 33886K, committed 34176K, reserved 1079296K
  class space    used 3716K, capacity 3951K, committed 3968K, reserved 1048576K
Event: 21.112 GC heap after
Heap after GC invocations=8 (full 1):
 PSYoungGen      total 248320K, used 22501K [0x000000076ab00000, 0x000000077cb80000, 0x00000007c0000000)
  eden space 225792K, 0% used [0x000000076ab00000,0x000000076ab00000,0x0000000778780000)
  from space 22528K, 99% used [0x0000000779e00000,0x000000077b3f9400,0x000000077b400000)
  to   space 24064K, 0% used [0x000000077b400000,0x000000077b400000,0x000000077cb80000)
 ParOldGen       total 98816K, used 38543K [0x00000006c0000000, 0x00000006c6080000, 0x000000076ab00000)
  object space 98816K, 39% used [0x00000006c0000000,0x00000006c25a3e40,0x00000006c6080000)
 Metaspace       used 33012K, capacity 33886K, committed 34176K, reserved 1079296K
  class space    used 3716K, capacity 3951K, committed 3968K, reserved 1048576K
}
Event: 21.112 GC heap before
{Heap before GC invocations=9 (full 2):
 PSYoungGen      total 248320K, used 22501K [0x000000076ab00000, 0x000000077cb80000, 0x00000007c0000000)
  eden space 225792K, 0% used [0x000000076ab00000,0x000000076ab00000,0x0000000778780000)
  from space 22528K, 99% used [0x0000000779e00000,0x000000077b3f9400,0x000000077b400000)
  to   space 24064K, 0% used [0x000000077b400000,0x000000077b400000,0x000000077cb80000)
 ParOldGen       total 98816K, used 38543K [0x00000006c0000000, 0x00000006c6080000, 0x000000076ab00000)
  object space 98816K, 39% used [0x00000006c0000000,0x00000006c25a3e40,0x00000006c6080000)
 Metaspace       used 33012K, capacity 33886K, committed 34176K, reserved 1079296K
  class space    used 3716K, capacity 3951K, committed 3968K, reserved 1048576K
Event: 21.283 GC heap after
Heap after GC invocations=9 (full 2):
 PSYoungGen      total 248320K, used 0K [0x000000076ab00000, 0x000000077cb80000, 0x00000007c0000000)
  eden space 225792K, 0% used [0x000000076ab00000,0x000000076ab00000,0x0000000778780000)
  from space 22528K, 0% used [0x0000000779e00000,0x0000000779e00000,0x000000077b400000)
  to   space 24064K, 0% used [0x000000077b400000,0x000000077b400000,0x000000077cb80000)
 ParOldGen       total 98816K, used 40206K [0x00000006c0000000, 0x00000006c6080000, 0x000000076ab00000)
  object space 98816K, 40% used [0x00000006c0000000,0x00000006c2743b28,0x00000006c6080000)
 Metaspace       used 32958K, capacity 33782K, committed 34176K, reserved 1079296K
  class space    used 3710K, capacity 3943K, committed 3968K, reserved 1048576K
}

